#
# A fatal error has been detected by the Java Runtime Environment:
#
#  SIGSEGV (0xb) at pc=0x00007f9b2c469f2c, pid=22242, tid=0x00007f9b58e02700
#
# JRE version: Java(TM) SE Runtime Environment (8.0_201-b09) (build 1.8.0_201-b09)
# Java VM: Java HotSpot(TM) 64-Bit Server VM (25.201-b09 mixed mode linux-amd64 compressed oops)
# Problematic frame:
# C  [libSerial4j.so+0x1f2c]  DynamicBuffer::getItem(int)+0x20
#
# Failed to write core dump. Core dumps have been disabled. To enable core dumping, try "ulimit -c unlimited" before starting Java again
#
# If you would like to submit a bug report, please visit:
#   http://bugreport.java.com/bugreport/crash.jsp
# The crash happened outside the Java Virtual Machine in native code.
# See problematic frame for where to report the bug.
#

---------------  T H R E A D  ---------------

Current thread (0x00007f9b5000b000):  JavaThread "main" [_thread_in_native, id=22243, stack(0x00007f9b58d03000,0x00007f9b58e03000)]

siginfo: si_signo: 11 (SIGSEGV), si_code: 1 (SEGV_MAPERR), si_addr: 0x0000000000000000

Registers:
RAX=0x0000000000000000, RBX=0x00007f9b40c01648, RCX=0x00007f9b582f16e7, RDX=0x0000000000000000
RSP=0x00007f9b58e017a0, RBP=0x00007f9b58e017a0, RSI=0x0000000000000000, RDI=0x00007f9b2c66b1a8
R8 =0x0000000000000001, R9 =0x00007f9b501e6100, R10=0x0000000000000003, R11=0x00007f9b2c469f0c
R12=0x0000000000000000, R13=0x00007f9b40c01648, R14=0x00007f9b58e01918, R15=0x00007f9b5000b000
RIP=0x00007f9b2c469f2c, EFLAGS=0x0000000000010246, CSGSFS=0x002b000000000033, ERR=0x0000000000000004
  TRAPNO=0x000000000000000e

Top of Stack: (sp=0x00007f9b58e017a0)
0x00007f9b58e017a0:   00007f9b58e01880 00007f9b2c469c11
0x00007f9b58e017b0:   00007f9b40c01648 00007f9b2c66b160
0x00007f9b58e017c0:   0000000000000007 00007f9b501e8b30
0x00007f9b58e017d0:   0000000000000000 00007f9b501e6100
0x00007f9b58e017e0:   00000000000003d8 00007f9b5000b000
0x00007f9b58e017f0:   00007f9b40c01648 00007f9b5000b000
0x00007f9b58e01800:   00007f9b58e01918 00007f9b40c01648
0x00007f9b58e01810:   00007f9b5000b000 00007f9b5000be50
0x00007f9b58e01820:   00007f9b40c01648 00007f9b5000b000
0x00007f9b58e01830:   00007f9b58e01890 00007f9b5787abf8
0x00007f9b58e01840:   00007f9b40c01648 00007f9b5000b000
0x00007f9b58e01850:   00007f9b40c01648 00007f9b5000b000
0x00007f9b58e01860:   00007f9b40c01648 00007f9b5000b000
0x00007f9b58e01870:   00007f9b40c01648 d9fbd45ebf986a00
0x00007f9b58e01880:   00007f9b58e018a0 00007f9b2c46984c
0x00007f9b58e01890:   00007f9b58e01918 00007f9b5000b1f8
0x00007f9b58e018a0:   00007f9b58e018f8 00007f9b410186c7
0x00007f9b58e018b0:   00007f9b410183e2 00007f9b58e018b8
0x00007f9b58e018c0:   00007f9b40c01648 00007f9b58e01918
0x00007f9b58e018d0:   00007f9b40c01d38 0000000000000000
0x00007f9b58e018e0:   00007f9b40c01648 0000000000000000
0x00007f9b58e018f0:   00007f9b58e01918 00007f9b58e01960
0x00007f9b58e01900:   00007f9b41007d00 0000000000000000
0x00007f9b58e01910:   00007f9b41011d16 00000007825b18a0
0x00007f9b58e01920:   00007f9b58e01920 00007f9b40c01059
0x00007f9b58e01930:   00007f9b58e01970 00007f9b40c01d38
0x00007f9b58e01940:   0000000000000000 00007f9b40c01068
0x00007f9b58e01950:   00007f9b58e01918 00007f9b58e01970
0x00007f9b58e01960:   00007f9b58e019c0 00007f9b41007d00
0x00007f9b58e01970:   00000007825b18a0 000000078251d9f8
0x00007f9b58e01980:   00007f9b58e01980 00007f9b40c0066a
0x00007f9b58e01990:   00007f9b58e019e8 00007f9b40c00818 

Instructions: (pc=0x00007f9b2c469f2c)
0x00007f9b2c469f0c:   55 48 89 e5 48 89 7d f8 89 75 f4 48 8b 45 f8 48
0x00007f9b2c469f1c:   8b 40 08 8b 55 f4 48 63 d2 48 c1 e2 03 48 01 d0
0x00007f9b2c469f2c:   48 8b 00 5d c3 90 55 48 89 e5 48 89 7d f8 48 89
0x00007f9b2c469f3c:   75 f0 b8 00 00 00 00 5d c3 90 55 48 89 e5 48 89 

Register to memory mapping:

RAX=0x0000000000000000 is an unknown value
RBX={method} {0x00007f9b40c01648} 'fetchSerialPorts0' '()I' in 'com/serial4j/core/serial/SerialPort'
RCX=0x00007f9b582f16e7: __close_nocancel+0x7 in /lib/x86_64-linux-gnu/libc.so.6 at 0x00007f9b581e3000
RDX=0x0000000000000000 is an unknown value
RSP=0x00007f9b58e017a0 is pointing into the stack for thread: 0x00007f9b5000b000
RBP=0x00007f9b58e017a0 is pointing into the stack for thread: 0x00007f9b5000b000
RSI=0x0000000000000000 is an unknown value
RDI=0x00007f9b2c66b1a8: terminalControl+0x48 in /home/twisted/GradleProjects/AVR-Sandbox/HelloSerial4j/output/serial4j/libSerial4j.so at 0x00007f9b2c468000
R8 =0x0000000000000001 is an unknown value
R9 =0x00007f9b501e6100 is an unknown value
R10=0x0000000000000003 is an unknown value
R11=0x00007f9b2c469f0c: _ZN13DynamicBuffer7getItemEi+0 in /home/twisted/GradleProjects/AVR-Sandbox/HelloSerial4j/output/serial4j/libSerial4j.so at 0x00007f9b2c468000
R12=0x0000000000000000 is an unknown value
R13={method} {0x00007f9b40c01648} 'fetchSerialPorts0' '()I' in 'com/serial4j/core/serial/SerialPort'
R14=0x00007f9b58e01918 is pointing into the stack for thread: 0x00007f9b5000b000
R15=0x00007f9b5000b000 is a thread


Stack: [0x00007f9b58d03000,0x00007f9b58e03000],  sp=0x00007f9b58e017a0,  free space=1017k
Native frames: (J=compiled Java code, j=interpreted, Vv=VM code, C=native code)
C  [libSerial4j.so+0x1f2c]  DynamicBuffer::getItem(int)+0x20
C  [libSerial4j.so+0x1c11]  Terminal::TerminalControl::fetchSerialPorts()+0x155
C  [libSerial4j.so+0x184c]  Java_com_serial4j_core_serial_SerialPort_fetchSerialPorts0+0x1f
j  com.serial4j.core.serial.SerialPort.fetchSerialPorts0()I+0
j  com.serial4j.core.serial.SerialPort.fetchSerialPorts()I+1
j  com.serial4j.example.HelloSerial4J.main([Ljava/lang/String;)V+122
v  ~StubRoutines::call_stub
V  [libjvm.so+0x68825b]  JavaCalls::call_helper(JavaValue*, methodHandle*, JavaCallArguments*, Thread*)+0xddb
V  [libjvm.so+0x6d3211]  jni_invoke_static(JNIEnv_*, JavaValue*, _jobject*, JNICallType, _jmethodID*, JNI_ArgumentPusher*, Thread*) [clone .isra.96] [clone .constprop.117]+0x1e1
V  [libjvm.so+0x6d54db]  jni_CallStaticVoidMethod+0x15b
C  [libjli.so+0x889c]  JavaMain+0xa3c
C  [libpthread.so.0+0x7e64]  start_thread+0xe4

Java frames: (J=compiled Java code, j=interpreted, Vv=VM code)
j  com.serial4j.core.serial.SerialPort.fetchSerialPorts0()I+0
j  com.serial4j.core.serial.SerialPort.fetchSerialPorts()I+1
j  com.serial4j.example.HelloSerial4J.main([Ljava/lang/String;)V+122
v  ~StubRoutines::call_stub

---------------  P R O C E S S  ---------------

Java Threads: ( => current thread )
  0x00007f9b50189000 JavaThread "Service Thread" daemon [_thread_blocked, id=22270, stack(0x00007f9b2c76d000,0x00007f9b2c86e000)]
  0x00007f9b50185800 JavaThread "C1 CompilerThread2" daemon [_thread_blocked, id=22269, stack(0x00007f9b2c86f000,0x00007f9b2c96f000)]
  0x00007f9b50184000 JavaThread "C2 CompilerThread1" daemon [_thread_blocked, id=22268, stack(0x00007f9b2c970000,0x00007f9b2ca70000)]
  0x00007f9b50181000 JavaThread "C2 CompilerThread0" daemon [_thread_blocked, id=22267, stack(0x00007f9b2ca71000,0x00007f9b2cb71000)]
  0x00007f9b5017f800 JavaThread "Signal Dispatcher" daemon [_thread_blocked, id=22266, stack(0x00007f9b2cb71000,0x00007f9b2cc72000)]
  0x00007f9b5014c800 JavaThread "Finalizer" daemon [_thread_blocked, id=22262, stack(0x00007f9b2db68000,0x00007f9b2dc69000)]
  0x00007f9b5014a000 JavaThread "Reference Handler" daemon [_thread_blocked, id=22261, stack(0x00007f9b2dc69000,0x00007f9b2dd6a000)]
=>0x00007f9b5000b000 JavaThread "main" [_thread_in_native, id=22243, stack(0x00007f9b58d03000,0x00007f9b58e03000)]

Other Threads:
  0x00007f9b50140800 VMThread [stack: 0x00007f9b2dd6b000,0x00007f9b2de6b000] [id=22250]
  0x00007f9b5018b800 WatcherThread [stack: 0x00007f9b2c66d000,0x00007f9b2c76d000] [id=22271]

VM state:not at safepoint (normal execution)

VM Mutex/Monitor currently owned by a thread: None

heap address: 0x0000000706e00000, size: 2962 MB, Compressed Oops mode: Zero based, Oop shift amount: 3
Narrow klass base: 0x0000000000000000, Narrow klass shift: 3
Compressed class space size: 1073741824 Address: 0x00000007c0000000

Heap:
 PSYoungGen      total 55808K, used 1925K [0x0000000782500000, 0x0000000786300000, 0x00000007c0000000)
  eden space 48128K, 4% used [0x0000000782500000,0x00000007826e1498,0x0000000785400000)
  from space 7680K, 0% used [0x0000000785b80000,0x0000000785b80000,0x0000000786300000)
  to   space 7680K, 0% used [0x0000000785400000,0x0000000785400000,0x0000000785b80000)
 ParOldGen       total 126976K, used 0K [0x0000000706e00000, 0x000000070ea00000, 0x0000000782500000)
  object space 126976K, 0% used [0x0000000706e00000,0x0000000706e00000,0x000000070ea00000)
 Metaspace       used 3025K, capacity 4600K, committed 4864K, reserved 1056768K
  class space    used 335K, capacity 424K, committed 512K, reserved 1048576K

Card table byte_map: [0x00007f9b55443000,0x00007f9b55a0d000] byte_map_base: 0x00007f9b51c0c000

Marking Bits: (ParMarkBitMap*) 0x00007f9b581c5d80
 Begin Bits: [0x00007f9b2e370000, 0x00007f9b311b8000)
 End Bits:   [0x00007f9b311b8000, 0x00007f9b34000000)

Polling page: 0x00007f9b58e2d000

CodeCache: size=245760Kb used=1121Kb max_used=1121Kb free=244638Kb
 bounds [0x00007f9b41000000, 0x00007f9b41270000, 0x00007f9b50000000]
 total_blobs=267 nmethods=32 adapters=149
 compilation: enabled

Compilation events (10 events):
Event: 0.090 Thread 0x00007f9b50185800   27       1       java.io.File::getPath (5 bytes)
Event: 0.090 Thread 0x00007f9b50185800 nmethod 27 0x00007f9b41116450 code [0x00007f9b411165a0, 0x00007f9b411166b0]
Event: 0.090 Thread 0x00007f9b50185800   28       3       sun.nio.cs.UTF_8$Encoder::encode (359 bytes)
Event: 0.091 Thread 0x00007f9b50185800 nmethod 28 0x00007f9b41116a90 code [0x00007f9b41116c80, 0x00007f9b411177b8]
Event: 0.091 Thread 0x00007f9b50185800   30       3       java.util.concurrent.ConcurrentHashMap::tabAt (21 bytes)
Event: 0.092 Thread 0x00007f9b50185800 nmethod 30 0x00007f9b41117e10 code [0x00007f9b41117f80, 0x00007f9b411181b0]
Event: 0.093 Thread 0x00007f9b50185800   32       1       java.lang.String::length (6 bytes)
Event: 0.093 Thread 0x00007f9b50185800 nmethod 32 0x00007f9b41118250 code [0x00007f9b411183a0, 0x00007f9b411184b0]
Event: 0.093 Thread 0x00007f9b50185800   31       1       java.net.URL::getProtocol (5 bytes)
Event: 0.093 Thread 0x00007f9b50185800 nmethod 31 0x00007f9b41118550 code [0x00007f9b411186a0, 0x00007f9b411187b0]

GC Heap History (0 events):
No events

Deoptimization events (0 events):
No events

Classes redefined (0 events):
No events

Internal exceptions (6 events):
Event: 0.026 Thread 0x00007f9b5000b000 Exception <a 'java/lang/NoSuchMethodError': Method sun.misc.Unsafe.defineClass(Ljava/lang/String;[BII)Ljava/lang/Class; name or signature does not match> (0x0000000782507cb0) thrown at [/HUDSON/workspace/8-2-build-linux-amd64/jdk8u201/12317/hotspot/src/sh
Event: 0.026 Thread 0x00007f9b5000b000 Exception <a 'java/lang/NoSuchMethodError': Method sun.misc.Unsafe.prefetchRead(Ljava/lang/Object;J)V name or signature does not match> (0x0000000782507f98) thrown at [/HUDSON/workspace/8-2-build-linux-amd64/jdk8u201/12317/hotspot/src/share/vm/prims/jni.c
Event: 0.087 Thread 0x00007f9b5000b000 Exception <a 'java/security/PrivilegedActionException'> (0x00000007825a0e40) thrown at [/HUDSON/workspace/8-2-build-linux-amd64/jdk8u201/12317/hotspot/src/share/vm/prims/jvm.cpp, line 1502]
Event: 0.087 Thread 0x00007f9b5000b000 Exception <a 'java/security/PrivilegedActionException'> (0x00000007825a1050) thrown at [/HUDSON/workspace/8-2-build-linux-amd64/jdk8u201/12317/hotspot/src/share/vm/prims/jvm.cpp, line 1502]
Event: 0.088 Thread 0x00007f9b5000b000 Exception <a 'java/security/PrivilegedActionException'> (0x00000007825a34b8) thrown at [/HUDSON/workspace/8-2-build-linux-amd64/jdk8u201/12317/hotspot/src/share/vm/prims/jvm.cpp, line 1502]
Event: 0.088 Thread 0x00007f9b5000b000 Exception <a 'java/security/PrivilegedActionException'> (0x00000007825a36c8) thrown at [/HUDSON/workspace/8-2-build-linux-amd64/jdk8u201/12317/hotspot/src/share/vm/prims/jvm.cpp, line 1502]

Events (10 events):
Event: 0.089 loading class sun/net/www/protocol/jar/URLJarFile
Event: 0.089 loading class sun/net/www/protocol/jar/URLJarFile done
Event: 0.089 loading class sun/net/www/protocol/jar/URLJarFile$URLJarFileEntry
Event: 0.089 loading class sun/net/www/protocol/jar/URLJarFile$URLJarFileEntry done
Event: 0.089 loading class sun/net/www/protocol/jar/JarURLConnection$JarURLInputStream
Event: 0.089 loading class sun/net/www/protocol/jar/JarURLConnection$JarURLInputStream done
Event: 0.090 loading class java/io/FileOutputStream$1
Event: 0.090 loading class java/io/FileOutputStream$1 done
Event: 0.092 loading class com/serial4j/core/serial/BaudRate
Event: 0.092 loading class com/serial4j/core/serial/BaudRate done


Dynamic libraries:
00400000-00401000 r-xp 00000000 08:0b 8396377                            /home/twisted/jdk1.8.0_201/bin/java
00600000-00601000 r--p 00000000 08:0b 8396377                            /home/twisted/jdk1.8.0_201/bin/java
00601000-00602000 rw-p 00001000 08:0b 8396377                            /home/twisted/jdk1.8.0_201/bin/java
00d00000-00d21000 rw-p 00000000 00:00 0                                  [heap]
706e00000-70ea00000 rw-p 00000000 00:00 0 
70ea00000-782500000 ---p 00000000 00:00 0 
782500000-786300000 rw-p 00000000 00:00 0 
786300000-7c0000000 ---p 00000000 00:00 0 
7c0000000-7c0080000 rw-p 00000000 00:00 0 
7c0080000-800000000 ---p 00000000 00:00 0 
7f9b00000000-7f9b00021000 rw-p 00000000 00:00 0 
7f9b00021000-7f9b04000000 ---p 00000000 00:00 0 
7f9b08000000-7f9b08036000 rw-p 00000000 00:00 0 
7f9b08036000-7f9b0c000000 ---p 00000000 00:00 0 
7f9b0c000000-7f9b0c021000 rw-p 00000000 00:00 0 
7f9b0c021000-7f9b10000000 ---p 00000000 00:00 0 
7f9b10000000-7f9b10067000 rw-p 00000000 00:00 0 
7f9b10067000-7f9b14000000 ---p 00000000 00:00 0 
7f9b14000000-7f9b14021000 rw-p 00000000 00:00 0 
7f9b14021000-7f9b18000000 ---p 00000000 00:00 0 
7f9b18000000-7f9b18021000 rw-p 00000000 00:00 0 
7f9b18021000-7f9b1c000000 ---p 00000000 00:00 0 
7f9b1c000000-7f9b1c021000 rw-p 00000000 00:00 0 
7f9b1c021000-7f9b20000000 ---p 00000000 00:00 0 
7f9b20000000-7f9b20021000 rw-p 00000000 00:00 0 
7f9b20021000-7f9b24000000 ---p 00000000 00:00 0 
7f9b24000000-7f9b24021000 rw-p 00000000 00:00 0 
7f9b24021000-7f9b28000000 ---p 00000000 00:00 0 
7f9b28000000-7f9b28021000 rw-p 00000000 00:00 0 
7f9b28021000-7f9b2c000000 ---p 00000000 00:00 0 
7f9b2c2cb000-7f9b2c468000 rw-p 00000000 00:00 0 
7f9b2c468000-7f9b2c46b000 r-xp 00000000 08:0b 8530004                    /home/twisted/GradleProjects/AVR-Sandbox/HelloSerial4j/output/serial4j/libSerial4j.so
7f9b2c46b000-7f9b2c66a000 ---p 00003000 08:0b 8530004                    /home/twisted/GradleProjects/AVR-Sandbox/HelloSerial4j/output/serial4j/libSerial4j.so
7f9b2c66a000-7f9b2c66b000 r--p 00002000 08:0b 8530004                    /home/twisted/GradleProjects/AVR-Sandbox/HelloSerial4j/output/serial4j/libSerial4j.so
7f9b2c66b000-7f9b2c66c000 rw-p 00003000 08:0b 8530004                    /home/twisted/GradleProjects/AVR-Sandbox/HelloSerial4j/output/serial4j/libSerial4j.so
7f9b2c66c000-7f9b2c66d000 ---p 00000000 00:00 0 
7f9b2c66d000-7f9b2c76d000 rw-p 00000000 00:00 0 
7f9b2c76d000-7f9b2c770000 ---p 00000000 00:00 0 
7f9b2c770000-7f9b2c86e000 rw-p 00000000 00:00 0 
7f9b2c86e000-7f9b2c86f000 ---p 00000000 00:00 0 
7f9b2c86f000-7f9b2c872000 ---p 00000000 00:00 0 
7f9b2c872000-7f9b2c96f000 rw-p 00000000 00:00 0 
7f9b2c96f000-7f9b2c970000 ---p 00000000 00:00 0 
7f9b2c970000-7f9b2c973000 ---p 00000000 00:00 0 
7f9b2c973000-7f9b2ca70000 rw-p 00000000 00:00 0 
7f9b2ca70000-7f9b2ca71000 ---p 00000000 00:00 0 
7f9b2ca71000-7f9b2ca74000 ---p 00000000 00:00 0 
7f9b2ca74000-7f9b2cb71000 rw-p 00000000 00:00 0 
7f9b2cb71000-7f9b2cb74000 ---p 00000000 00:00 0 
7f9b2cb74000-7f9b2cc72000 rw-p 00000000 00:00 0 
7f9b2cc72000-7f9b2db68000 r--p 00000000 08:0a 3155423                    /usr/lib/locale/locale-archive
7f9b2db68000-7f9b2db6b000 ---p 00000000 00:00 0 
7f9b2db6b000-7f9b2dc69000 rw-p 00000000 00:00 0 
7f9b2dc69000-7f9b2dc6c000 ---p 00000000 00:00 0 
7f9b2dc6c000-7f9b2dd6a000 rw-p 00000000 00:00 0 
7f9b2dd6a000-7f9b2dd6b000 ---p 00000000 00:00 0 
7f9b2dd6b000-7f9b34000000 rw-p 00000000 00:00 0 
7f9b34000000-7f9b34021000 rw-p 00000000 00:00 0 
7f9b34021000-7f9b38000000 ---p 00000000 00:00 0 
7f9b38000000-7f9b38021000 rw-p 00000000 00:00 0 
7f9b38021000-7f9b3c000000 ---p 00000000 00:00 0 
7f9b3c000000-7f9b3c021000 rw-p 00000000 00:00 0 
7f9b3c021000-7f9b40000000 ---p 00000000 00:00 0 
7f9b400f9000-7f9b40c40000 rw-p 00000000 00:00 0 
7f9b40c40000-7f9b41000000 ---p 00000000 00:00 0 
7f9b41000000-7f9b41270000 rwxp 00000000 00:00 0 
7f9b41270000-7f9b50000000 ---p 00000000 00:00 0 
7f9b50000000-7f9b50200000 rw-p 00000000 00:00 0 
7f9b50200000-7f9b54000000 ---p 00000000 00:00 0 
7f9b54000000-7f9b5444a000 rw-p 00000000 00:00 0 
7f9b5444a000-7f9b54624000 r--s 03d6f000 08:0b 8543644                    /home/twisted/jdk1.8.0_201/jre/lib/rt.jar
7f9b54624000-7f9b54c63000 rw-p 00000000 00:00 0 
7f9b54c63000-7f9b54c64000 ---p 00000000 00:00 0 
7f9b54c64000-7f9b54d64000 rw-p 00000000 00:00 0 
7f9b54d64000-7f9b54d65000 ---p 00000000 00:00 0 
7f9b54d65000-7f9b54e65000 rw-p 00000000 00:00 0 
7f9b54e65000-7f9b54e66000 ---p 00000000 00:00 0 
7f9b54e66000-7f9b54f66000 rw-p 00000000 00:00 0 
7f9b54f66000-7f9b54f67000 ---p 00000000 00:00 0 
7f9b54f67000-7f9b550a5000 rw-p 00000000 00:00 0 
7f9b550a5000-7f9b55443000 ---p 00000000 00:00 0 
7f9b55443000-7f9b55481000 rw-p 00000000 00:00 0 
7f9b55481000-7f9b5581e000 ---p 00000000 00:00 0 
7f9b5581e000-7f9b5583e000 rw-p 00000000 00:00 0 
7f9b5583e000-7f9b55a0c000 ---p 00000000 00:00 0 
7f9b55a0c000-7f9b55a17000 rw-p 00000000 00:00 0 
7f9b55a17000-7f9b55dcd000 ---p 00000000 00:00 0 
7f9b55dcd000-7f9b55de8000 r-xp 00000000 08:0b 8782383                    /home/twisted/jdk1.8.0_201/jre/lib/amd64/libzip.so
7f9b55de8000-7f9b55fe7000 ---p 0001b000 08:0b 8782383                    /home/twisted/jdk1.8.0_201/jre/lib/amd64/libzip.so
7f9b55fe7000-7f9b55fe8000 r--p 0001a000 08:0b 8782383                    /home/twisted/jdk1.8.0_201/jre/lib/amd64/libzip.so
7f9b55fe8000-7f9b55fe9000 rw-p 0001b000 08:0b 8782383                    /home/twisted/jdk1.8.0_201/jre/lib/amd64/libzip.so
7f9b55fe9000-7f9b55ff4000 r-xp 00000000 08:0a 3282234                    /lib/x86_64-linux-gnu/libnss_files-2.28.so
7f9b55ff4000-7f9b561f3000 ---p 0000b000 08:0a 3282234                    /lib/x86_64-linux-gnu/libnss_files-2.28.so
7f9b561f3000-7f9b561f4000 r--p 0000a000 08:0a 3282234                    /lib/x86_64-linux-gnu/libnss_files-2.28.so
7f9b561f4000-7f9b561f5000 rw-p 0000b000 08:0a 3282234                    /lib/x86_64-linux-gnu/libnss_files-2.28.so
7f9b561f5000-7f9b561fb000 rw-p 00000000 00:00 0 
7f9b561fb000-7f9b56211000 r-xp 00000000 08:0a 3282228                    /lib/x86_64-linux-gnu/libnsl-2.28.so
7f9b56211000-7f9b56410000 ---p 00016000 08:0a 3282228                    /lib/x86_64-linux-gnu/libnsl-2.28.so
7f9b56410000-7f9b56411000 r--p 00015000 08:0a 3282228                    /lib/x86_64-linux-gnu/libnsl-2.28.so
7f9b56411000-7f9b56412000 rw-p 00016000 08:0a 3282228                    /lib/x86_64-linux-gnu/libnsl-2.28.so
7f9b56412000-7f9b56414000 rw-p 00000000 00:00 0 
7f9b56414000-7f9b5641f000 r-xp 00000000 08:0a 3282245                    /lib/x86_64-linux-gnu/libnss_nis-2.28.so
7f9b5641f000-7f9b5661e000 ---p 0000b000 08:0a 3282245                    /lib/x86_64-linux-gnu/libnss_nis-2.28.so
7f9b5661e000-7f9b5661f000 r--p 0000a000 08:0a 3282245                    /lib/x86_64-linux-gnu/libnss_nis-2.28.so
7f9b5661f000-7f9b56620000 rw-p 0000b000 08:0a 3282245                    /lib/x86_64-linux-gnu/libnss_nis-2.28.so
7f9b56620000-7f9b56628000 r-xp 00000000 08:0a 3282230                    /lib/x86_64-linux-gnu/libnss_compat-2.28.so
7f9b56628000-7f9b56827000 ---p 00008000 08:0a 3282230                    /lib/x86_64-linux-gnu/libnss_compat-2.28.so
7f9b56827000-7f9b56828000 r--p 00007000 08:0a 3282230                    /lib/x86_64-linux-gnu/libnss_compat-2.28.so
7f9b56828000-7f9b56829000 rw-p 00008000 08:0a 3282230                    /lib/x86_64-linux-gnu/libnss_compat-2.28.so
7f9b56829000-7f9b56855000 r-xp 00000000 08:0b 8782377                    /home/twisted/jdk1.8.0_201/jre/lib/amd64/libjava.so
7f9b56855000-7f9b56a55000 ---p 0002c000 08:0b 8782377                    /home/twisted/jdk1.8.0_201/jre/lib/amd64/libjava.so
7f9b56a55000-7f9b56a56000 r--p 0002c000 08:0b 8782377                    /home/twisted/jdk1.8.0_201/jre/lib/amd64/libjava.so
7f9b56a56000-7f9b56a58000 rw-p 0002d000 08:0b 8782377                    /home/twisted/jdk1.8.0_201/jre/lib/amd64/libjava.so
7f9b56a58000-7f9b56a65000 r-xp 00000000 08:0b 8782382                    /home/twisted/jdk1.8.0_201/jre/lib/amd64/libverify.so
7f9b56a65000-7f9b56c64000 ---p 0000d000 08:0b 8782382                    /home/twisted/jdk1.8.0_201/jre/lib/amd64/libverify.so
7f9b56c64000-7f9b56c66000 r--p 0000c000 08:0b 8782382                    /home/twisted/jdk1.8.0_201/jre/lib/amd64/libverify.so
7f9b56c66000-7f9b56c67000 rw-p 0000e000 08:0b 8782382                    /home/twisted/jdk1.8.0_201/jre/lib/amd64/libverify.so
7f9b56c67000-7f9b56c6e000 r-xp 00000000 08:0a 3282285                    /lib/x86_64-linux-gnu/librt-2.28.so
7f9b56c6e000-7f9b56e6d000 ---p 00007000 08:0a 3282285                    /lib/x86_64-linux-gnu/librt-2.28.so
7f9b56e6d000-7f9b56e6e000 r--p 00006000 08:0a 3282285                    /lib/x86_64-linux-gnu/librt-2.28.so
7f9b56e6e000-7f9b56e6f000 rw-p 00007000 08:0a 3282285                    /lib/x86_64-linux-gnu/librt-2.28.so
7f9b56e6f000-7f9b56ff9000 r-xp 00000000 08:0a 3282207                    /lib/x86_64-linux-gnu/libm-2.28.so
7f9b56ff9000-7f9b571f8000 ---p 0018a000 08:0a 3282207                    /lib/x86_64-linux-gnu/libm-2.28.so
7f9b571f8000-7f9b571f9000 r--p 00189000 08:0a 3282207                    /lib/x86_64-linux-gnu/libm-2.28.so
7f9b571f9000-7f9b571fa000 rw-p 0018a000 08:0a 3282207                    /lib/x86_64-linux-gnu/libm-2.28.so
7f9b571fa000-7f9b57ee2000 r-xp 00000000 08:0b 8782359                    /home/twisted/jdk1.8.0_201/jre/lib/amd64/server/libjvm.so
7f9b57ee2000-7f9b580e1000 ---p 00ce8000 08:0b 8782359                    /home/twisted/jdk1.8.0_201/jre/lib/amd64/server/libjvm.so
7f9b580e1000-7f9b58177000 r--p 00ce7000 08:0b 8782359                    /home/twisted/jdk1.8.0_201/jre/lib/amd64/server/libjvm.so
7f9b58177000-7f9b581a8000 rw-p 00d7d000 08:0b 8782359                    /home/twisted/jdk1.8.0_201/jre/lib/amd64/server/libjvm.so
7f9b581a8000-7f9b581e3000 rw-p 00000000 00:00 0 
7f9b581e3000-7f9b583c1000 r-xp 00000000 08:0a 3282146                    /lib/x86_64-linux-gnu/libc-2.28.so
7f9b583c1000-7f9b585c0000 ---p 001de000 08:0a 3282146                    /lib/x86_64-linux-gnu/libc-2.28.so
7f9b585c0000-7f9b585c4000 r--p 001dd000 08:0a 3282146                    /lib/x86_64-linux-gnu/libc-2.28.so
7f9b585c4000-7f9b585c6000 rw-p 001e1000 08:0a 3282146                    /lib/x86_64-linux-gnu/libc-2.28.so
7f9b585c6000-7f9b585ca000 rw-p 00000000 00:00 0 
7f9b585ca000-7f9b585cd000 r-xp 00000000 08:0a 3282167                    /lib/x86_64-linux-gnu/libdl-2.28.so
7f9b585cd000-7f9b587cc000 ---p 00003000 08:0a 3282167                    /lib/x86_64-linux-gnu/libdl-2.28.so
7f9b587cc000-7f9b587cd000 r--p 00002000 08:0a 3282167                    /lib/x86_64-linux-gnu/libdl-2.28.so
7f9b587cd000-7f9b587ce000 rw-p 00003000 08:0a 3282167                    /lib/x86_64-linux-gnu/libdl-2.28.so
7f9b587ce000-7f9b587e5000 r-xp 00000000 08:0b 8543590                    /home/twisted/jdk1.8.0_201/lib/amd64/jli/libjli.so
7f9b587e5000-7f9b589e4000 ---p 00017000 08:0b 8543590                    /home/twisted/jdk1.8.0_201/lib/amd64/jli/libjli.so
7f9b589e4000-7f9b589e5000 r--p 00016000 08:0b 8543590                    /home/twisted/jdk1.8.0_201/lib/amd64/jli/libjli.so
7f9b589e5000-7f9b589e6000 rw-p 00017000 08:0b 8543590                    /home/twisted/jdk1.8.0_201/lib/amd64/jli/libjli.so
7f9b589e6000-7f9b58a01000 r-xp 00000000 08:0a 3282277                    /lib/x86_64-linux-gnu/libpthread-2.28.so
7f9b58a01000-7f9b58c00000 ---p 0001b000 08:0a 3282277                    /lib/x86_64-linux-gnu/libpthread-2.28.so
7f9b58c00000-7f9b58c01000 r--p 0001a000 08:0a 3282277                    /lib/x86_64-linux-gnu/libpthread-2.28.so
7f9b58c01000-7f9b58c02000 rw-p 0001b000 08:0a 3282277                    /lib/x86_64-linux-gnu/libpthread-2.28.so
7f9b58c02000-7f9b58c06000 rw-p 00000000 00:00 0 
7f9b58c06000-7f9b58c2e000 r-xp 00000000 08:0a 3282118                    /lib/x86_64-linux-gnu/ld-2.28.so
7f9b58c6d000-7f9b58d02000 rw-p 00000000 00:00 0 
7f9b58d02000-7f9b58d03000 ---p 00000000 00:00 0 
7f9b58d03000-7f9b58d06000 ---p 00000000 00:00 0 
7f9b58d06000-7f9b58e07000 rw-p 00000000 00:00 0 
7f9b58e23000-7f9b58e24000 r--s 00004000 08:0b 8530631                    /home/twisted/GradleProjects/AVR-Sandbox/HelloSerial4j/output/serial4j/serial4j.jar
7f9b58e24000-7f9b58e2c000 rw-s 00000000 08:0a 5396194                    /tmp/hsperfdata_pavl/22242
7f9b58e2c000-7f9b58e2d000 rw-p 00000000 00:00 0 
7f9b58e2d000-7f9b58e2e000 r--p 00000000 00:00 0 
7f9b58e2e000-7f9b58e2f000 r--p 00028000 08:0a 3282118                    /lib/x86_64-linux-gnu/ld-2.28.so
7f9b58e2f000-7f9b58e30000 rw-p 00029000 08:0a 3282118                    /lib/x86_64-linux-gnu/ld-2.28.so
7f9b58e30000-7f9b58e31000 rw-p 00000000 00:00 0 
7ffc229b9000-7ffc229db000 rw-p 00000000 00:00 0                          [stack]
7ffc229dc000-7ffc229df000 r--p 00000000 00:00 0                          [vvar]
7ffc229df000-7ffc229e0000 r-xp 00000000 00:00 0                          [vdso]
ffffffffff600000-ffffffffff601000 --xp 00000000 00:00 0                  [vsyscall]

VM Arguments:
java_command: serial4j.jar
java_class_path (initial): serial4j.jar
Launcher Type: SUN_STANDARD

Environment Variables:
JAVA_HOME=/home/twisted/jdk1.8.0_201
PATH=/home/pavl/.sdkman/candidates/scala/current/bin:/home/pavl/.sdkman/candidates/kotlin/current/bin:/home/pavl/.sdkman/candidates/groovy/current/bin:/usr/local/sbin:/usr/local/bin:/usr/sbin:/usr/bin:/sbin:/bin:/usr/games:/usr/local/games:/snap/bin
USERNAME=pavl
SHELL=/bin/bash
DISPLAY=:0

Signal Handlers:
SIGSEGV: [libjvm.so+0xad3e60], sa_mask[0]=11111111011111111101111111111110, sa_flags=SA_RESTART|SA_SIGINFO
SIGBUS: [libjvm.so+0xad3e60], sa_mask[0]=11111111011111111101111111111110, sa_flags=SA_RESTART|SA_SIGINFO
SIGFPE: [libjvm.so+0x90b880], sa_mask[0]=11111111011111111101111111111110, sa_flags=SA_RESTART|SA_SIGINFO
SIGPIPE: [libjvm.so+0x90b880], sa_mask[0]=11111111011111111101111111111110, sa_flags=SA_RESTART|SA_SIGINFO
SIGXFSZ: [libjvm.so+0x90b880], sa_mask[0]=11111111011111111101111111111110, sa_flags=SA_RESTART|SA_SIGINFO
SIGILL: [libjvm.so+0x90b880], sa_mask[0]=11111111011111111101111111111110, sa_flags=SA_RESTART|SA_SIGINFO
SIGUSR1: SIG_DFL, sa_mask[0]=00000000000000000000000000000000, sa_flags=none
SIGUSR2: [libjvm.so+0x90b750], sa_mask[0]=00000000000000000000000000000000, sa_flags=SA_RESTART|SA_SIGINFO
SIGHUP: [libjvm.so+0x90bd70], sa_mask[0]=11111111011111111101111111111110, sa_flags=SA_RESTART|SA_SIGINFO
SIGINT: [libjvm.so+0x90bd70], sa_mask[0]=11111111011111111101111111111110, sa_flags=SA_RESTART|SA_SIGINFO
SIGTERM: [libjvm.so+0x90bd70], sa_mask[0]=11111111011111111101111111111110, sa_flags=SA_RESTART|SA_SIGINFO
SIGQUIT: [libjvm.so+0x90bd70], sa_mask[0]=11111111011111111101111111111110, sa_flags=SA_RESTART|SA_SIGINFO


---------------  S Y S T E M  ---------------

OS:DISTRIB_ID=Zorin
DISTRIB_RELEASE=15
DISTRIB_CODENAME=bionic
DISTRIB_DESCRIPTION="Zorin OS 15.3"

uname:Linux 5.4.0-104-generic #118~18.04.1-Ubuntu SMP Thu Mar 3 13:53:15 UTC 2022 x86_64
libc:glibc 2.28 NPTL 2.28 
rlimit: STACK 8192k, CORE 0k, NPROC 47084, NOFILE 4096, AS infinity
load average:1.29 0.61 0.55

/proc/meminfo:
MemTotal:       12127532 kB
MemFree:         4908812 kB
MemAvailable:    8029732 kB
Buffers:          892356 kB
Cached:          2648684 kB
SwapCached:            0 kB
Active:          5065128 kB
Inactive:        1017392 kB
Active(anon):    2979024 kB
Inactive(anon):   152640 kB
Active(file):    2086104 kB
Inactive(file):   864752 kB
Unevictable:      438588 kB
Mlocked:             116 kB
SwapTotal:       6836220 kB
SwapFree:        6836220 kB
Dirty:              3368 kB
Writeback:             0 kB
AnonPages:       2980112 kB
Mapped:           657784 kB
Shmem:            594432 kB
KReclaimable:     492976 kB
Slab:             572260 kB
SReclaimable:     492976 kB
SUnreclaim:        79284 kB
KernelStack:       12512 kB
PageTables:        57224 kB
NFS_Unstable:          0 kB
Bounce:                0 kB
WritebackTmp:          0 kB
CommitLimit:    12899984 kB
Committed_AS:    9053292 kB
VmallocTotal:   34359738367 kB
VmallocUsed:       31132 kB
VmallocChunk:          0 kB
Percpu:             1488 kB
HardwareCorrupted:     0 kB
AnonHugePages:         0 kB
ShmemHugePages:        0 kB
ShmemPmdMapped:        0 kB
FileHugePages:         0 kB
FilePmdMapped:         0 kB
CmaTotal:              0 kB
CmaFree:               0 kB
HugePages_Total:       0
HugePages_Free:        0
HugePages_Rsvd:        0
HugePages_Surp:        0
Hugepagesize:       2048 kB
Hugetlb:               0 kB
DirectMap4k:      297236 kB
DirectMap2M:    10051584 kB
DirectMap1G:     3145728 kB

container (cgroup) information:
container_type: cgroupv1
cpu_cpuset_cpus: 0-3
cpu_memory_nodes: 0
active_processor_count: 4
cpu_quota: -1
cpu_period: 100000
cpu_shares: -1
memory_limit_in_bytes: -1
memory_and_swap_limit_in_bytes: -2
memory_soft_limit_in_bytes: -1
memory_usage_in_bytes: 6677426176
memory_max_usage_in_bytes: 0


CPU:total 4 (initial active 4) (2 cores per cpu, 2 threads per core) family 6 model 142 stepping 9, cmov, cx8, fxsr, mmx, sse, sse2, sse3, ssse3, sse4.1, sse4.2, popcnt, avx, avx2, aes, clmul, erms, 3dnowpref, lzcnt, ht, tsc, tscinvbit, bmi1, bmi2, adx

/proc/cpuinfo:
processor	: 0
vendor_id	: GenuineIntel
cpu family	: 6
model		: 142
model name	: Intel(R) Core(TM) i3-7020U CPU @ 2.30GHz
stepping	: 9
microcode	: 0xea
cpu MHz		: 1199.857
cache size	: 3072 KB
physical id	: 0
siblings	: 4
core id		: 0
cpu cores	: 2
apicid		: 0
initial apicid	: 0
fpu		: yes
fpu_exception	: yes
cpuid level	: 22
wp		: yes
flags		: fpu vme de pse tsc msr pae mce cx8 apic sep mtrr pge mca cmov pat pse36 clflush dts acpi mmx fxsr sse sse2 ss ht tm pbe syscall nx pdpe1gb rdtscp lm constant_tsc art arch_perfmon pebs bts rep_good nopl xtopology nonstop_tsc cpuid aperfmperf pni pclmulqdq dtes64 monitor ds_cpl vmx est tm2 ssse3 sdbg fma cx16 xtpr pdcm pcid sse4_1 sse4_2 x2apic movbe popcnt tsc_deadline_timer aes xsave avx f16c rdrand lahf_lm abm 3dnowprefetch cpuid_fault epb invpcid_single pti ssbd ibrs ibpb stibp tpr_shadow vnmi flexpriority ept vpid ept_ad fsgsbase tsc_adjust bmi1 avx2 smep bmi2 erms invpcid mpx rdseed adx smap clflushopt intel_pt xsaveopt xsavec xgetbv1 xsaves dtherm arat pln pts hwp hwp_notify hwp_act_window hwp_epp md_clear flush_l1d
bugs		: cpu_meltdown spectre_v1 spectre_v2 spec_store_bypass l1tf mds swapgs itlb_multihit srbds
bogomips	: 4599.93
clflush size	: 64
cache_alignment	: 64
address sizes	: 39 bits physical, 48 bits virtual
power management:

processor	: 1
vendor_id	: GenuineIntel
cpu family	: 6
model		: 142
model name	: Intel(R) Core(TM) i3-7020U CPU @ 2.30GHz
stepping	: 9
microcode	: 0xea
cpu MHz		: 1191.409
cache size	: 3072 KB
physical id	: 0
siblings	: 4
core id		: 1
cpu cores	: 2
apicid		: 2
initial apicid	: 2
fpu		: yes
fpu_exception	: yes
cpuid level	: 22
wp		: yes
flags		: fpu vme de pse tsc msr pae mce cx8 apic sep mtrr pge mca cmov pat pse36 clflush dts acpi mmx fxsr sse sse2 ss ht tm pbe syscall nx pdpe1gb rdtscp lm constant_tsc art arch_perfmon pebs bts rep_good nopl xtopology nonstop_tsc cpuid aperfmperf pni pclmulqdq dtes64 monitor ds_cpl vmx est tm2 ssse3 sdbg fma cx16 xtpr pdcm pcid sse4_1 sse4_2 x2apic movbe popcnt tsc_deadline_timer aes xsave avx f16c rdrand lahf_lm abm 3dnowprefetch cpuid_fault epb invpcid_single pti ssbd ibrs ibpb stibp tpr_shadow vnmi flexpriority ept vpid ept_ad fsgsbase tsc_adjust bmi1 avx2 smep bmi2 erms invpcid mpx rdseed adx smap clflushopt intel_pt xsaveopt xsavec xgetbv1 xsaves dtherm arat pln pts hwp hwp_notify hwp_act_window hwp_epp md_clear flush_l1d
bugs		: cpu_meltdown spectre_v1 spectre_v2 spec_store_bypass l1tf mds swapgs itlb_multihit srbds
bogomips	: 4599.93
clflush size	: 64
cache_alignment	: 64
address sizes	: 39 bits physical, 48 bits virtual
power management:

processor	: 2
vendor_id	: GenuineIntel
cpu family	: 6
model		: 142
model name	: Intel(R) Core(TM) i3-7020U CPU @ 2.30GHz
stepping	: 9
microcode	: 0xea
cpu MHz		: 1178.392
cache size	: 3072 KB
physical id	: 0
siblings	: 4
core id		: 0
cpu cores	: 2
apicid		: 1
initial apicid	: 1
fpu		: yes
fpu_exception	: yes
cpuid level	: 22
wp		: yes
flags		: fpu vme de pse tsc msr pae mce cx8 apic sep mtrr pge mca cmov pat pse36 clflush dts acpi mmx fxsr sse sse2 ss ht tm pbe syscall nx pdpe1gb rdtscp lm constant_tsc art arch_perfmon pebs bts rep_good nopl xtopology nonstop_tsc cpuid aperfmperf pni pclmulqdq dtes64 monitor ds_cpl vmx est tm2 ssse3 sdbg fma cx16 xtpr pdcm pcid sse4_1 sse4_2 x2apic movbe popcnt tsc_deadline_timer aes xsave avx f16c rdrand lahf_lm abm 3dnowprefetch cpuid_fault epb invpcid_single pti ssbd ibrs ibpb stibp tpr_shadow vnmi flexpriority ept vpid ept_ad fsgsbase tsc_adjust bmi1 avx2 smep bmi2 erms invpcid mpx rdseed adx smap clflushopt intel_pt xsaveopt xsavec xgetbv1 xsaves dtherm arat pln pts hwp hwp_notify hwp_act_window hwp_epp md_clear flush_l1d
bugs		: cpu_meltdown spectre_v1 spectre_v2 spec_store_bypass l1tf mds swapgs itlb_multihit srbds
bogomips	: 4599.93
clflush size	: 64
cache_alignment	: 64
address sizes	: 39 bits physical, 48 bits virtual
power management:

processor	: 3
vendor_id	: GenuineIntel
cpu family	: 6
model		: 142
model name	: Intel(R) Core(TM) i3-7020U CPU @ 2.30GHz
stepping	: 9
microcode	: 0xea
cpu MHz		: 1181.930
cache size	: 3072 KB
physical id	: 0
siblings	: 4
core id		: 1
cpu cores	: 2
apicid		: 3
initial apicid	: 3
fpu		: yes
fpu_exception	: yes
cpuid level	: 22
wp		: yes
flags		: fpu vme de pse tsc msr pae mce cx8 apic sep mtrr pge mca cmov pat pse36 clflush dts acpi mmx fxsr sse sse2 ss ht tm pbe syscall nx pdpe1gb rdtscp lm constant_tsc art arch_perfmon pebs bts rep_good nopl xtopology nonstop_tsc cpuid aperfmperf pni pclmulqdq dtes64 monitor ds_cpl vmx est tm2 ssse3 sdbg fma cx16 xtpr pdcm pcid sse4_1 sse4_2 x2apic movbe popcnt tsc_deadline_timer aes xsave avx f16c rdrand lahf_lm abm 3dnowprefetch cpuid_fault epb invpcid_single pti ssbd ibrs ibpb stibp tpr_shadow vnmi flexpriority ept vpid ept_ad fsgsbase tsc_adjust bmi1 avx2 smep bmi2 erms invpcid mpx rdseed adx smap clflushopt intel_pt xsaveopt xsavec xgetbv1 xsaves dtherm arat pln pts hwp hwp_notify hwp_act_window hwp_epp md_clear flush_l1d
bugs		: cpu_meltdown spectre_v1 spectre_v2 spec_store_bypass l1tf mds swapgs itlb_multihit srbds
bogomips	: 4599.93
clflush size	: 64
cache_alignment	: 64
address sizes	: 39 bits physical, 48 bits virtual
power management:



Memory: 4k page, physical 12127532k(4908560k free), swap 6836220k(6836220k free)

vm_info: Java HotSpot(TM) 64-Bit Server VM (25.201-b09) for linux-amd64 JRE (1.8.0_201-b09), built on Dec 15 2018 11:35:59 by "java_re" with gcc 7.3.0

time: Fri Aug 19 17:02:06 2022
timezone: EET
elapsed time: 0 seconds (0d 0h 0m 0s)

